<?xml version="1.0" encoding="UTF-8"?>
<testng-results skipped="0" failed="0" ignored="0" total="1" passed="1">
  <reporter-output>
  </reporter-output>
  <suite name="Default suite" duration-ms="35278" started-at="2017-12-15T21:09:40Z" finished-at="2017-12-15T21:10:15Z">
    <groups>
    </groups>
    <test name="Default test" duration-ms="35278" started-at="2017-12-15T21:09:40Z" finished-at="2017-12-15T21:10:15Z">
      <class name="JavaPackage.MercuryHomePage">
        <test-method status="PASS" signature="mercuryTours()[pri:0, instance:JavaPackage.MercuryHomePage@20e2cbe0]" name="mercuryTours" duration-ms="35250" started-at="2017-12-15T13:09:40Z" finished-at="2017-12-15T13:10:15Z">
          <reporter-output>
          </reporter-output>
        </test-method> <!-- mercuryTours -->
      </class> <!-- JavaPackage.MercuryHomePage -->
    </test> <!-- Default test -->
  </suite> <!-- Default suite -->
</testng-results>
